2026.03.08 17:11:14 INFO  Started: Metals version 1.6.6 in folders '/home/martin/Desktop/aws-v7/asg/iam' for client Visual Studio Code 1.110.0.
2026.03.08 17:11:14 INFO  Memory monitor started
2026.03.08 17:11:15 WARN  Using H2 2.4.240 which is newer than the version Flyway has been verified with. The latest verified version of H2 is 2.3.232.
2026.03.08 17:11:15 INFO  no build target found for /home/martin/Desktop/aws-v7/asg/iam/src/main/java/org/serwin/iam/messaging/InstanceTokenNatsListener.java. Using fallback presentation compiler.
2026.03.08 17:11:17 INFO  no build target found for /home/martin/Desktop/aws-v7/asg/iam/src/main/java/org/serwin/iam/messaging/InstanceTokenNatsListener.java. Using fallback presentation compiler.
2026.03.08 17:12:44 INFO  no build target found for /home/martin/Desktop/aws-v7/asg/iam/src/main/java/org/serwin/iam/messaging/InstanceTokenNatsListener.java. Using fallback presentation compiler.
2026.03.08 17:12:44 INFO  no build target found for /home/martin/Desktop/aws-v7/asg/iam/src/main/java/org/serwin/iam/messaging/InstanceTokenNatsListener.java. Using fallback presentation compiler.
2026.03.08 17:12:45 INFO  no build target found for /home/martin/Desktop/aws-v7/asg/iam/src/main/java/org/serwin/iam/messaging/InstanceTokenNatsListener.java. Using fallback presentation compiler.
2026.03.08 17:12:46 INFO  no build target found for /home/martin/Desktop/aws-v7/asg/iam/src/main/java/org/serwin/iam/messaging/InstanceTokenNatsListener.java. Using fallback presentation compiler.
2026.03.08 17:12:46 INFO  no build target found for /home/martin/Desktop/aws-v7/asg/iam/src/main/java/org/serwin/iam/messaging/InstanceTokenNatsListener.java. Using fallback presentation compiler.
2026.03.08 17:12:46 INFO  no build target found for /home/martin/Desktop/aws-v7/asg/iam/src/main/java/org/serwin/iam/messaging/InstanceTokenNatsListener.java. Using fallback presentation compiler.
Mar 08, 2026 5:12:47 PM org.eclipse.lsp4j.jsonrpc.RemoteEndpoint handleCancellation
WARNING: Unmatched cancel notification for request id 16
2026.03.08 17:12:49 INFO  no build target found for /home/martin/Desktop/aws-v7/asg/iam/src/main/java/org/serwin/iam/messaging/InstanceTokenNatsListener.java. Using fallback presentation compiler.
2026.03.08 17:12:49 INFO  no build target found for /home/martin/Desktop/aws-v7/asg/iam/src/main/java/org/serwin/iam/messaging/InstanceTokenNatsListener.java. Using fallback presentation compiler.
2026.03.08 17:13:10 INFO  no build target found for /home/martin/Desktop/aws-v7/asg/iam/src/main/java/org/serwin/iam/messaging/InstanceTokenNatsListener.java. Using fallback presentation compiler.
2026.03.08 17:13:10 INFO  no build target found for /home/martin/Desktop/aws-v7/asg/iam/src/main/java/org/serwin/iam/messaging/InstanceTokenNatsListener.java. Using fallback presentation compiler.
2026.03.08 17:13:10 INFO  no build target found for /home/martin/Desktop/aws-v7/asg/iam/src/main/java/org/serwin/iam/messaging/InstanceTokenNatsListener.java. Using fallback presentation compiler.
2026.03.08 17:13:11 INFO  no build target found for /home/martin/Desktop/aws-v7/asg/iam/src/main/java/org/serwin/iam/messaging/InstanceTokenNatsListener.java. Using fallback presentation compiler.
2026.03.08 17:13:11 INFO  no build target found for /home/martin/Desktop/aws-v7/asg/iam/src/main/java/org/serwin/iam/messaging/InstanceTokenNatsListener.java. Using fallback presentation compiler.
Mar 08, 2026 5:13:12 PM org.eclipse.lsp4j.jsonrpc.RemoteEndpoint handleCancellation
WARNING: Unmatched cancel notification for request id 25
2026.03.08 17:13:11 INFO  no build target found for /home/martin/Desktop/aws-v7/asg/iam/src/main/java/org/serwin/iam/messaging/InstanceTokenNatsListener.java. Using fallback presentation compiler.
2026.03.08 17:13:11 INFO  no build target found for /home/martin/Desktop/aws-v7/asg/iam/src/main/java/org/serwin/iam/messaging/InstanceTokenNatsListener.java. Using fallback presentation compiler.
2026.03.08 17:13:14 INFO  no build target found for /home/martin/Desktop/aws-v7/asg/iam/src/main/java/org/serwin/iam/messaging/InstanceTokenNatsListener.java. Using fallback presentation compiler.
2026.03.08 17:13:14 INFO  no build target found for /home/martin/Desktop/aws-v7/asg/iam/src/main/java/org/serwin/iam/messaging/InstanceTokenNatsListener.java. Using fallback presentation compiler.
2026.03.08 17:13:14 INFO  no build target found for /home/martin/Desktop/aws-v7/asg/iam/src/main/java/org/serwin/iam/messaging/InstanceTokenNatsListener.java. Using fallback presentation compiler.
2026.03.08 17:13:14 INFO  no build target found for /home/martin/Desktop/aws-v7/asg/iam/src/main/java/org/serwin/iam/messaging/InstanceTokenNatsListener.java. Using fallback presentation compiler.
2026.03.08 17:13:14 INFO  no build target found for /home/martin/Desktop/aws-v7/asg/iam/src/main/java/org/serwin/iam/messaging/InstanceTokenNatsListener.java. Using fallback presentation compiler.
2026.03.08 17:13:14 INFO  no build target found for /home/martin/Desktop/aws-v7/asg/iam/src/main/java/org/serwin/iam/messaging/InstanceTokenNatsListener.java. Using fallback presentation compiler.
2026.03.08 17:13:15 INFO  no build target found for /home/martin/Desktop/aws-v7/asg/iam/src/main/java/org/serwin/iam/messaging/InstanceTokenNatsListener.java. Using fallback presentation compiler.
2026.03.08 17:13:17 INFO  no build target found for /home/martin/Desktop/aws-v7/asg/iam/src/main/java/org/serwin/iam/messaging/InstanceTokenNatsListener.java. Using fallback presentation compiler.
2026.03.08 17:13:17 INFO  no build target found for /home/martin/Desktop/aws-v7/asg/iam/src/main/java/org/serwin/iam/messaging/InstanceTokenNatsListener.java. Using fallback presentation compiler.
2026.03.08 17:13:17 INFO  no build target found for /home/martin/Desktop/aws-v7/asg/iam/src/main/java/org/serwin/iam/messaging/InstanceTokenNatsListener.java. Using fallback presentation compiler.
2026.03.08 17:13:18 INFO  no build target found for /home/martin/Desktop/aws-v7/asg/iam/src/main/java/org/serwin/iam/messaging/InstanceTokenNatsListener.java. Using fallback presentation compiler.
2026.03.08 17:13:20 INFO  no build target found for /home/martin/Desktop/aws-v7/asg/iam/src/main/java/org/serwin/iam/messaging/InstanceTokenNatsListener.java. Using fallback presentation compiler.
2026.03.08 17:13:27 INFO  no build target found for /home/martin/Desktop/aws-v7/asg/iam/src/main/java/org/serwin/iam/messaging/InstanceTokenNatsListener.java. Using fallback presentation compiler.
2026.03.08 17:13:27 INFO  no build target found for /home/martin/Desktop/aws-v7/asg/iam/src/main/java/org/serwin/iam/messaging/InstanceTokenNatsListener.java. Using fallback presentation compiler.
2026.03.08 17:13:27 INFO  no build target found for /home/martin/Desktop/aws-v7/asg/iam/src/main/java/org/serwin/iam/messaging/InstanceTokenNatsListener.java. Using fallback presentation compiler.
2026.03.08 17:13:27 INFO  no build target found for /home/martin/Desktop/aws-v7/asg/iam/src/main/java/org/serwin/iam/messaging/InstanceTokenNatsListener.java. Using fallback presentation compiler.
2026.03.08 17:13:28 INFO  no build target found for /home/martin/Desktop/aws-v7/asg/iam/src/main/java/org/serwin/iam/messaging/InstanceTokenNatsListener.java. Using fallback presentation compiler.
2026.03.08 17:13:30 INFO  no build target found for /home/martin/Desktop/aws-v7/asg/iam/src/main/java/org/serwin/iam/messaging/InstanceTokenNatsListener.java. Using fallback presentation compiler.
2026.03.08 17:13:30 INFO  no build target found for /home/martin/Desktop/aws-v7/asg/iam/src/main/java/org/serwin/iam/messaging/InstanceTokenNatsListener.java. Using fallback presentation compiler.
2026.03.08 17:13:39 INFO  no build target found for /home/martin/Desktop/aws-v7/asg/iam/src/main/java/org/serwin/iam/messaging/InstanceTokenNatsListener.java. Using fallback presentation compiler.
2026.03.08 17:13:39 INFO  no build target found for /home/martin/Desktop/aws-v7/asg/iam/src/main/java/org/serwin/iam/messaging/InstanceTokenNatsListener.java. Using fallback presentation compiler.
2026.03.08 17:13:39 INFO  no build target found for /home/martin/Desktop/aws-v7/asg/iam/src/main/java/org/serwin/iam/messaging/InstanceTokenNatsListener.java. Using fallback presentation compiler.
2026.03.08 17:13:39 INFO  no build target found for /home/martin/Desktop/aws-v7/asg/iam/src/main/java/org/serwin/iam/messaging/InstanceTokenNatsListener.java. Using fallback presentation compiler.
2026.03.08 17:13:39 INFO  no build target found for /home/martin/Desktop/aws-v7/asg/iam/src/main/java/org/serwin/iam/messaging/InstanceTokenNatsListener.java. Using fallback presentation compiler.
2026.03.08 17:13:40 INFO  no build target found for /home/martin/Desktop/aws-v7/asg/iam/src/main/java/org/serwin/iam/messaging/InstanceTokenNatsListener.java. Using fallback presentation compiler.
2026.03.08 17:13:45 INFO  no build target found for /home/martin/Desktop/aws-v7/asg/iam/src/main/java/org/serwin/iam/messaging/InstanceTokenNatsListener.java. Using fallback presentation compiler.
2026.03.08 17:13:45 INFO  no build target found for /home/martin/Desktop/aws-v7/asg/iam/src/main/java/org/serwin/iam/messaging/InstanceTokenNatsListener.java. Using fallback presentation compiler.
2026.03.08 17:13:45 INFO  no build target found for /home/martin/Desktop/aws-v7/asg/iam/src/main/java/org/serwin/iam/messaging/InstanceTokenNatsListener.java. Using fallback presentation compiler.
2026.03.08 17:13:45 INFO  no build target found for /home/martin/Desktop/aws-v7/asg/iam/src/main/java/org/serwin/iam/messaging/InstanceTokenNatsListener.java. Using fallback presentation compiler.
2026.03.08 17:13:47 WARN  no build target for: /home/martin/Desktop/aws-v7/asg/iam/src/main/java/org/serwin/iam/messaging/InstanceTokenNatsListener.java
2026.03.08 17:13:47 INFO  no build target found for /home/martin/Desktop/aws-v7/asg/iam/src/main/java/org/serwin/iam/messaging/InstanceTokenNatsListener.java. Using fallback presentation compiler.
2026.03.08 17:13:47 INFO  no build target found for /home/martin/Desktop/aws-v7/asg/iam/src/main/java/org/serwin/iam/messaging/InstanceTokenNatsListener.java. Using fallback presentation compiler.
2026.03.08 17:13:47 INFO  no build target found for /home/martin/Desktop/aws-v7/asg/iam/src/main/java/org/serwin/iam/messaging/InstanceTokenNatsListener.java. Using fallback presentation compiler.
2026.03.08 17:13:47 INFO  no build target found for /home/martin/Desktop/aws-v7/asg/iam/src/main/java/org/serwin/iam/messaging/InstanceTokenNatsListener.java. Using fallback presentation compiler.
2026.03.08 17:13:47 INFO  no build target found for /home/martin/Desktop/aws-v7/asg/iam/src/main/java/org/serwin/iam/messaging/InstanceTokenNatsListener.java. Using fallback presentation compiler.
2026.03.08 17:13:47 INFO  no build target found for /home/martin/Desktop/aws-v7/asg/iam/src/main/java/org/serwin/iam/messaging/InstanceTokenNatsListener.java. Using fallback presentation compiler.
2026.03.08 17:13:48 INFO  no build target found for /home/martin/Desktop/aws-v7/asg/iam/src/main/java/org/serwin/iam/messaging/InstanceTokenNatsListener.java. Using fallback presentation compiler.
2026.03.08 17:13:48 INFO  no build target found for /home/martin/Desktop/aws-v7/asg/iam/src/main/java/org/serwin/iam/messaging/InstanceTokenNatsListener.java. Using fallback presentation compiler.
2026.03.08 17:13:48 INFO  no build target found for /home/martin/Desktop/aws-v7/asg/iam/src/main/java/org/serwin/iam/messaging/InstanceTokenNatsListener.java. Using fallback presentation compiler.
2026.03.08 17:13:48 INFO  no build target found for /home/martin/Desktop/aws-v7/asg/iam/src/main/java/org/serwin/iam/messaging/InstanceTokenNatsListener.java. Using fallback presentation compiler.
2026.03.08 17:13:49 WARN  no build target for: /home/martin/Desktop/aws-v7/asg/iam/src/main/java/org/serwin/iam/messaging/InstanceTokenNatsListener.java
2026.03.08 17:13:49 INFO  no build target found for /home/martin/Desktop/aws-v7/asg/iam/src/main/java/org/serwin/iam/messaging/InstanceTokenNatsListener.java. Using fallback presentation compiler.
2026.03.08 17:13:50 INFO  no build target found for /home/martin/Desktop/aws-v7/asg/iam/src/main/java/org/serwin/iam/messaging/InstanceTokenNatsListener.java. Using fallback presentation compiler.
2026.03.08 17:13:50 INFO  no build target found for /home/martin/Desktop/aws-v7/asg/iam/src/main/java/org/serwin/iam/messaging/InstanceTokenNatsListener.java. Using fallback presentation compiler.
2026.03.08 17:13:51 INFO  no build target found for /home/martin/Desktop/aws-v7/asg/iam/src/main/java/org/serwin/iam/messaging/InstanceTokenNatsListener.java. Using fallback presentation compiler.
2026.03.08 17:13:51 WARN  no build target for: /home/martin/Desktop/aws-v7/asg/iam/src/main/java/org/serwin/iam/messaging/InstanceTokenNatsListener.java
2026.03.08 17:13:51 INFO  no build target found for /home/martin/Desktop/aws-v7/asg/iam/src/main/java/org/serwin/iam/messaging/InstanceTokenNatsListener.java. Using fallback presentation compiler.
2026.03.08 17:13:59 WARN  no build target for: /home/martin/Desktop/aws-v7/asg/iam/src/main/java/org/serwin/iam/messaging/InstanceTokenNatsListener.java
2026.03.08 17:13:59 INFO  no build target found for /home/martin/Desktop/aws-v7/asg/iam/src/main/java/org/serwin/iam/messaging/InstanceTokenNatsListener.java. Using fallback presentation compiler.
2026.03.08 17:14:04 INFO  Shutting down server
2026.03.08 17:14:04 INFO  Memory monitor stopped
2026.03.08 17:14:04 INFO  shutting down Metals
2026.03.08 17:14:04 INFO  Exiting server
